<?xml version="1.0" encoding="UTF-8"?>
<!-- Generated by org.testng.reporters.JUnitXMLReporter -->
<testsuite ignored="0" hostname="Thinkpad" failures="0" tests="4" name="Test" time="2.431" errors="0" timestamp="2022-05-04T23:44:16 IST">
  <testcase classname="tests.NewTest" name="@BeforeClass beforeClass" time="0.043">
    <failure type="java.lang.IllegalStateException" message="The driver executable must exist: C:\chromedriver.exe">
      <![CDATA[java.lang.IllegalStateException: The driver executable must exist: C:\chromedriver.exe
at org.openqa.selenium.internal.Require$FileStateChecker.isFile(Require.java:315)
at org.openqa.selenium.remote.service.DriverService.checkExecutable(DriverService.java:144)
at org.openqa.selenium.remote.service.DriverService.findExecutable(DriverService.java:139)
at org.openqa.selenium.chrome.ChromeDriverService.access$000(ChromeDriverService.java:38)
at org.openqa.selenium.chrome.ChromeDriverService$Builder.findDefaultExecutable(ChromeDriverService.java:231)
at org.openqa.selenium.remote.service.DriverService$Builder.build(DriverService.java:434)
at org.openqa.selenium.chrome.ChromeDriverService.createDefaultService(ChromeDriverService.java:127)
at org.openqa.selenium.chrome.ChromeDriver.<init>(ChromeDriver.java:46)
at tests.NewTest.beforeClass(NewTest.java:24)
at java.base/java.util.ArrayList.forEach(ArrayList.java:1511)
... Removed 25 stack frames]]>
    </failure>
  </testcase> <!-- @BeforeClass beforeClass -->
  <testcase classname="tests.NewTest" name="@AfterClass afterClass" time="-1.65168805438E9">
    <skipped/>
  </testcase> <!-- @AfterClass afterClass -->
  <testcase classname="tests.FindRates" name="@BeforeClass beforeClass" time="0.002">
    <failure type="java.lang.IllegalStateException" message="The driver executable must exist: C:\chromedriver.exe">
      <![CDATA[java.lang.IllegalStateException: The driver executable must exist: C:\chromedriver.exe
at org.openqa.selenium.internal.Require$FileStateChecker.isFile(Require.java:315)
at org.openqa.selenium.remote.service.DriverService.checkExecutable(DriverService.java:144)
at org.openqa.selenium.remote.service.DriverService.findExecutable(DriverService.java:139)
at org.openqa.selenium.chrome.ChromeDriverService.access$000(ChromeDriverService.java:38)
at org.openqa.selenium.chrome.ChromeDriverService$Builder.findDefaultExecutable(ChromeDriverService.java:231)
at org.openqa.selenium.remote.service.DriverService$Builder.build(DriverService.java:434)
at org.openqa.selenium.chrome.ChromeDriverService.createDefaultService(ChromeDriverService.java:127)
at org.openqa.selenium.chrome.ChromeDriver.<init>(ChromeDriver.java:46)
at tests.FindRates.beforeClass(FindRates.java:55)
at java.base/java.util.ArrayList.forEach(ArrayList.java:1511)
... Removed 25 stack frames]]>
    </failure>
  </testcase> <!-- @BeforeClass beforeClass -->
  <testcase classname="tests.FindRates" name="@AfterClass afterClass" time="-1.65168805439E9">
    <skipped/>
  </testcase> <!-- @AfterClass afterClass -->
  <testcase classname="tests.FindRooms" name="@BeforeClass beforeClass" time="0.002">
    <failure type="java.lang.IllegalStateException" message="The driver executable must exist: C:\chromedriver.exe">
      <![CDATA[java.lang.IllegalStateException: The driver executable must exist: C:\chromedriver.exe
at org.openqa.selenium.internal.Require$FileStateChecker.isFile(Require.java:315)
at org.openqa.selenium.remote.service.DriverService.checkExecutable(DriverService.java:144)
at org.openqa.selenium.remote.service.DriverService.findExecutable(DriverService.java:139)
at org.openqa.selenium.chrome.ChromeDriverService.access$000(ChromeDriverService.java:38)
at org.openqa.selenium.chrome.ChromeDriverService$Builder.findDefaultExecutable(ChromeDriverService.java:231)
at org.openqa.selenium.remote.service.DriverService$Builder.build(DriverService.java:434)
at org.openqa.selenium.chrome.ChromeDriverService.createDefaultService(ChromeDriverService.java:127)
at org.openqa.selenium.chrome.ChromeDriver.<init>(ChromeDriver.java:46)
at tests.FindRooms.beforeClass(FindRooms.java:67)
at java.base/java.util.ArrayList.forEach(ArrayList.java:1511)
... Removed 25 stack frames]]>
    </failure>
  </testcase> <!-- @BeforeClass beforeClass -->
  <testcase classname="tests.FindRooms" name="@AfterClass afterClass" time="-1.651688054397E9">
    <skipped/>
  </testcase> <!-- @AfterClass afterClass -->
  <testcase classname="tests.NewTest" name="openMyBlog" time="0.0">
    <skipped/>
  </testcase> <!-- openMyBlog -->
  <testcase classname="tests.FindRates" name="findRates" time="0.0">
    <skipped/>
  </testcase> <!-- findRates -->
  <testcase classname="tests.FindRooms" name="findRooms" time="0.0">
    <skipped/>
  </testcase> <!-- findRooms -->
  <testcase classname="tests.rest" name="GetWeatherDetails" time="2.325"/>
</testsuite> <!-- Test -->
